<?xml version="1.0" encoding="UTF-8"?>
<robot generator="Robot 7.3.2 (Python 3.10.12 on linux)" generated="2025-10-02T16:01:27.058974" rpa="false" schemaversion="5">
<suite id="s1" name="Web" source="/home/paulete/projetos/robot-orange-juice/tests/web">
<suite id="s1-s1" name="Home" source="/home/paulete/projetos/robot-orange-juice/tests/web/home.robot">
<test id="s1-s1-t1" name="Acessar Home do Mercado Livre" line="5">
<kw name="Open Browser To Home Page" owner="commom">
<kw name="Open Browser" owner="SeleniumLibrary">
<msg time="2025-10-02T16:01:27.409983" level="INFO">Opening browser 'chrome' to base url 'https://www.mercadolivre.com.br/'.</msg>
<arg>${URL_BASE}</arg>
<arg>${BROWSER}</arg>
<arg>oprtions=${CHROME_OPTIONS}</arg>
<doc>Opens a new browser instance to the optional ``url``.</doc>
<status status="PASS" start="2025-10-02T16:01:27.407366" elapsed="5.704041"/>
</kw>
<kw name="Log" owner="BuiltIn">
<msg time="2025-10-02T16:01:33.121778" level="INFO">De certo os testes, família!!!!</msg>
<arg>De certo os testes, família!!!!</arg>
<doc>Logs the given message with the given level.</doc>
<status status="PASS" start="2025-10-02T16:01:33.117600" elapsed="0.005367"/>
</kw>
<status status="PASS" start="2025-10-02T16:01:27.402477" elapsed="5.725498"/>
</kw>
<kw name="Home Page Should Be Open" owner="home">
<kw name="Title Should Be" owner="SeleniumLibrary">
<msg time="2025-10-02T16:01:33.212082" level="INFO">Page title is 'Mercado Livre Brasil - Frete Grátis no mesmo dia'.</msg>
<arg>Mercado Livre Brasil - Frete Grátis no mesmo dia</arg>
<doc>Verifies that the current page title equals ``title``.</doc>
<status status="PASS" start="2025-10-02T16:01:33.133206" elapsed="0.081772"/>
</kw>
<status status="PASS" start="2025-10-02T16:01:33.131061" elapsed="0.093797"/>
</kw>
<status status="PASS" start="2025-10-02T16:01:27.400577" elapsed="5.826520"/>
</test>
<status status="PASS" start="2025-10-02T16:01:27.095523" elapsed="6.146213"/>
</suite>
<suite id="s1-s2" name="Offer" source="/home/paulete/projetos/robot-orange-juice/tests/web/offer.robot">
<test id="s1-s2-t1" name="Acessar Ofertas do Mercado Livre" line="6">
<kw name="Open Browser To Home Page" owner="commom">
<kw name="Open Browser" owner="SeleniumLibrary">
<msg time="2025-10-02T16:01:33.310695" level="INFO">Using existing browser from index 1.</msg>
<msg time="2025-10-02T16:01:33.311097" level="INFO">Opening url 'https://www.mercadolivre.com.br/'</msg>
<arg>${URL_BASE}</arg>
<arg>${BROWSER}</arg>
<arg>oprtions=${CHROME_OPTIONS}</arg>
<doc>Opens a new browser instance to the optional ``url``.</doc>
<status status="PASS" start="2025-10-02T16:01:33.308955" elapsed="0.234195"/>
</kw>
<kw name="Log" owner="BuiltIn">
<msg time="2025-10-02T16:01:33.548567" level="INFO">De certo os testes, família!!!!</msg>
<arg>De certo os testes, família!!!!</arg>
<doc>Logs the given message with the given level.</doc>
<status status="PASS" start="2025-10-02T16:01:33.546819" elapsed="0.002015"/>
</kw>
<status status="PASS" start="2025-10-02T16:01:33.287886" elapsed="0.264018"/>
</kw>
<kw name="Open Offers" owner="offer">
<kw name="Wait Until Element Is Visible" owner="SeleniumLibrary">
<arg>${BTN_OFFERS}</arg>
<doc>Waits until the element ``locator`` is visible.</doc>
<status status="PASS" start="2025-10-02T16:01:33.566463" elapsed="1.671646"/>
</kw>
<kw name="Capture Page Screenshot" owner="SeleniumLibrary">
<msg time="2025-10-02T16:01:35.505084" level="INFO" html="true">&lt;/td&gt;&lt;/tr&gt;&lt;tr&gt;&lt;td colspan="3"&gt;&lt;a href="selenium-screenshot-13.png"&gt;&lt;img src="selenium-screenshot-13.png" width="800px"&gt;&lt;/a&gt;</msg>
<doc>Takes a screenshot of the current page and embeds it into a log file.</doc>
<status status="PASS" start="2025-10-02T16:01:35.238780" elapsed="0.266739"/>
</kw>
<kw name="Click Element" owner="SeleniumLibrary">
<msg time="2025-10-02T16:01:35.506830" level="INFO">Clicking element '//a[text()='Ofertas']'.</msg>
<arg>${BTN_OFFERS}</arg>
<doc>Click the element identified by ``locator``.</doc>
<status status="PASS" start="2025-10-02T16:01:35.506282" elapsed="2.246058"/>
</kw>
<status status="PASS" start="2025-10-02T16:01:33.557142" elapsed="4.196099"/>
</kw>
<kw name="Offer Page Should Be Open" owner="offer">
<kw name="Title Should Be" owner="SeleniumLibrary">
<msg time="2025-10-02T16:01:38.280467" level="INFO">Page title is 'Ofertas do dia | Mercadolivre Brasil'.</msg>
<arg>Ofertas do dia | Mercadolivre Brasil</arg>
<doc>Verifies that the current page title equals ``title``.</doc>
<status status="PASS" start="2025-10-02T16:01:37.758990" elapsed="0.521782"/>
</kw>
<status status="PASS" start="2025-10-02T16:01:37.756970" elapsed="0.524118"/>
</kw>
<status status="PASS" start="2025-10-02T16:01:33.283799" elapsed="4.997872"/>
</test>
<status status="PASS" start="2025-10-02T16:01:33.244741" elapsed="5.038289"/>
</suite>
<suite id="s1-s3" name="Search" source="/home/paulete/projetos/robot-orange-juice/tests/web/search.robot">
<test id="s1-s3-t1" name="Pesquisar Produto" line="5">
<kw name="Open Browser To Home Page" owner="commom">
<kw name="Open Browser" owner="SeleniumLibrary">
<msg time="2025-10-02T16:01:38.304122" level="INFO">Using existing browser from index 1.</msg>
<msg time="2025-10-02T16:01:38.304499" level="INFO">Opening url 'https://www.mercadolivre.com.br/'</msg>
<arg>${URL_BASE}</arg>
<arg>${BROWSER}</arg>
<arg>oprtions=${CHROME_OPTIONS}</arg>
<doc>Opens a new browser instance to the optional ``url``.</doc>
<status status="PASS" start="2025-10-02T16:01:38.302676" elapsed="2.376479"/>
</kw>
<kw name="Log" owner="BuiltIn">
<msg time="2025-10-02T16:01:40.681753" level="INFO">De certo os testes, família!!!!</msg>
<arg>De certo os testes, família!!!!</arg>
<doc>Logs the given message with the given level.</doc>
<status status="PASS" start="2025-10-02T16:01:40.680130" elapsed="0.002415"/>
</kw>
<status status="PASS" start="2025-10-02T16:01:38.300715" elapsed="2.382673"/>
</kw>
<kw name="Type Product ${PRODUCT_SEARCH} in the Search Field" owner="search" source_name="Type Product ${PRODUCT_SEARCH} in the Search Field">
<kw name="Input Text" owner="SeleniumLibrary">
<msg time="2025-10-02T16:01:40.696097" level="INFO">Typing text 'Violao Acustico Seven Mini Folk Sv-17 Dbk Dark Black 2024' into text field '//input[contains(@type, 'text')]'.</msg>
<arg>${FLD_SEARCH}</arg>
<arg>${PRODUCT_SEARCH}</arg>
<doc>Types the given ``text`` into the text field identified by ``locator``.</doc>
<status status="PASS" start="2025-10-02T16:01:40.689498" elapsed="2.348820"/>
</kw>
<status status="PASS" start="2025-10-02T16:01:40.685326" elapsed="2.353218"/>
</kw>
<kw name="Submit Search" owner="search">
<kw name="Click Element" owner="SeleniumLibrary">
<msg time="2025-10-02T16:01:43.044635" level="INFO">Clicking element '//button[contains(@type, 'submit')]'.</msg>
<arg>${BTN_SEARCH}</arg>
<doc>Click the element identified by ``locator``.</doc>
<status status="PASS" start="2025-10-02T16:01:43.040589" elapsed="3.402252"/>
</kw>
<status status="PASS" start="2025-10-02T16:01:43.039161" elapsed="3.404470"/>
</kw>
<kw name="Page Must Contain the product" owner="search">
<kw name="Page Should Contain" owner="SeleniumLibrary">
<msg time="2025-10-02T16:01:46.707856" level="INFO">Current page contains text 'Violao Acustico Seven Mini Folk Sv-17 Dbk Dark Black 2024'.</msg>
<arg>${PRODUCT_SEARCH}</arg>
<doc>Verifies that current page contains ``text``.</doc>
<status status="PASS" start="2025-10-02T16:01:46.451702" elapsed="0.256818"/>
</kw>
<status status="PASS" start="2025-10-02T16:01:46.447342" elapsed="0.262454"/>
</kw>
<status status="PASS" start="2025-10-02T16:01:38.298934" elapsed="8.412533"/>
</test>
<status status="PASS" start="2025-10-02T16:01:38.284387" elapsed="8.430777"/>
</suite>
<status status="PASS" start="2025-10-02T16:01:27.060269" elapsed="19.660215"/>
</suite>
<statistics>
<total>
<stat pass="3" fail="0" skip="0">All Tests</stat>
</total>
<tag>
</tag>
<suite>
<stat name="Web" id="s1" pass="3" fail="0" skip="0">Web</stat>
<stat name="Home" id="s1-s1" pass="1" fail="0" skip="0">Web.Home</stat>
<stat name="Offer" id="s1-s2" pass="1" fail="0" skip="0">Web.Offer</stat>
<stat name="Search" id="s1-s3" pass="1" fail="0" skip="0">Web.Search</stat>
</suite>
</statistics>
<errors>
</errors>
</robot>
